     3>D:\projects\misis2023f-23-check\misis2024s-23-04-khovalyg-d-e\prj.lab\bitset\bitset.cpp(28,9): error C2589: &: недопустима€ лексема справа от "::" [D:\projects\misis2023f-23-check\misis2024s-23-04-khovalyg-d-e\build.check\prj.lab\bitset\bitset.vcxproj]
     3>D:\projects\misis2023f-23-check\misis2024s-23-04-khovalyg-d-e\prj.lab\bitset\bitset.cpp(28,17): error C2143: синтаксическа€ ошибка: отсутствие ";" перед "=" [D:\projects\misis2023f-23-check\misis2024s-23-04-khovalyg-d-e\build.check\prj.lab\bitset\bitset.vcxproj]
     3>D:\projects\misis2023f-23-check\misis2024s-23-04-khovalyg-d-e\prj.lab\bitset\bitset.cpp(28,17): error C2473: operator =: выгл€дит как определение функции, но без списка параметров. [D:\projects\misis2023f-23-check\misis2024s-23-04-khovalyg-d-e\build.check\prj.lab\bitset\bitset.vcxproj]
     3>D:\projects\misis2023f-23-check\misis2024s-23-04-khovalyg-d-e\prj.lab\bitset\bitset.cpp(28,34): error C4430: отсутствует спецификатор типа - предполагаетс€ int. ѕримечание. C++ не поддерживает int по умолчанию [D:\projects\misis2023f-23-check\misis2024s-23-04-khovalyg-d-e\build.check\prj.lab\bitset\bitset.vcxproj]
     3>D:\projects\misis2023f-23-check\misis2024s-23-04-khovalyg-d-e\prj.lab\bitset\bitset.cpp(28,27): error C2065: Bitset: необъ€вленный идентификатор [D:\projects\misis2023f-23-check\misis2024s-23-04-khovalyg-d-e\build.check\prj.lab\bitset\bitset.vcxproj]
     3>D:\projects\misis2023f-23-check\misis2024s-23-04-khovalyg-d-e\prj.lab\bitset\bitset.cpp(28,36): error C2065: src: необъ€вленный идентификатор [D:\projects\misis2023f-23-check\misis2024s-23-04-khovalyg-d-e\build.check\prj.lab\bitset\bitset.vcxproj]
     3>D:\projects\misis2023f-23-check\misis2024s-23-04-khovalyg-d-e\prj.lab\bitset\bitset.cpp(28,41): error C2059: синтаксическа€ ошибка: { [D:\projects\misis2023f-23-check\misis2024s-23-04-khovalyg-d-e\build.check\prj.lab\bitset\bitset.vcxproj]
     3>D:\projects\misis2023f-23-check\misis2024s-23-04-khovalyg-d-e\prj.lab\bitset\bitset.cpp(28,41): error C2143: синтаксическа€ ошибка: отсутствие ";" перед "{" [D:\projects\misis2023f-23-check\misis2024s-23-04-khovalyg-d-e\build.check\prj.lab\bitset\bitset.vcxproj]
     3>D:\projects\misis2023f-23-check\misis2024s-23-04-khovalyg-d-e\prj.lab\bitset\bitset.cpp(28,41): error C2447: {: отсутствует заголовок функции (возможно, используетс€ формальный список старого типа) [D:\projects\misis2023f-23-check\misis2024s-23-04-khovalyg-d-e\build.check\prj.lab\bitset\bitset.vcxproj]
     3>D:\projects\misis2023f-23-check\misis2024s-23-04-khovalyg-d-e\prj.lab\bitset\bitset.cpp(30,17): error C2084: функци€ "int32_t BitSet::Size(void) noexcept const" уже имеет текст реализации [D:\projects\misis2023f-23-check\misis2024s-23-04-khovalyg-d-e\build.check\prj.lab\bitset\bitset.vcxproj]
